<?xml version="1.0" encoding="UTF-8"?>
<testsuite xmlns:xsi="http://www.w3.org/2001/XMLSchema-instance" xsi:noNamespaceSchemaLocation="https://maven.apache.org/surefire/maven-surefire-plugin/xsd/surefire-test-report-3.0.xsd" version="3.0" name="TestSuite" time="8.818" tests="5" errors="0" skipped="4" failures="1">
  <properties>
    <property name="java.specification.version" value="23"/>
    <property name="sun.jnu.encoding" value="UTF-8"/>
    <property name="java.class.path" value="/Users/emmanuelmr/Desktop/kubitondemo/target/test-classes:/Users/emmanuelmr/Desktop/kubitondemo/target/classes:/Users/emmanuelmr/.m2/repository/io/appium/java-client/8.6.0/java-client-8.6.0.jar:/Users/emmanuelmr/.m2/repository/org/seleniumhq/selenium/selenium-api/4.13.0/selenium-api-4.13.0.jar:/Users/emmanuelmr/.m2/repository/org/seleniumhq/selenium/selenium-remote-driver/4.13.0/selenium-remote-driver-4.13.0.jar:/Users/emmanuelmr/.m2/repository/com/google/auto/service/auto-service-annotations/1.1.1/auto-service-annotations-1.1.1.jar:/Users/emmanuelmr/.m2/repository/com/google/guava/guava/32.1.2-jre/guava-32.1.2-jre.jar:/Users/emmanuelmr/.m2/repository/com/google/guava/failureaccess/1.0.1/failureaccess-1.0.1.jar:/Users/emmanuelmr/.m2/repository/com/google/guava/listenablefuture/9999.0-empty-to-avoid-conflict-with-guava/listenablefuture-9999.0-empty-to-avoid-conflict-with-guava.jar:/Users/emmanuelmr/.m2/repository/org/checkerframework/checker-qual/3.33.0/checker-qual-3.33.0.jar:/Users/emmanuelmr/.m2/repository/com/google/errorprone/error_prone_annotations/2.18.0/error_prone_annotations-2.18.0.jar:/Users/emmanuelmr/.m2/repository/com/google/j2objc/j2objc-annotations/2.8/j2objc-annotations-2.8.jar:/Users/emmanuelmr/.m2/repository/io/netty/netty-buffer/4.1.96.Final/netty-buffer-4.1.96.Final.jar:/Users/emmanuelmr/.m2/repository/io/netty/netty-codec-http/4.1.96.Final/netty-codec-http-4.1.96.Final.jar:/Users/emmanuelmr/.m2/repository/io/netty/netty-codec/4.1.96.Final/netty-codec-4.1.96.Final.jar:/Users/emmanuelmr/.m2/repository/io/netty/netty-handler/4.1.96.Final/netty-handler-4.1.96.Final.jar:/Users/emmanuelmr/.m2/repository/io/netty/netty-common/4.1.96.Final/netty-common-4.1.96.Final.jar:/Users/emmanuelmr/.m2/repository/io/netty/netty-transport-classes-epoll/4.1.96.Final/netty-transport-classes-epoll-4.1.96.Final.jar:/Users/emmanuelmr/.m2/repository/io/netty/netty-transport-classes-kqueue/4.1.96.Final/netty-transport-classes-kqueue-4.1.96.Final.jar:/Users/emmanuelmr/.m2/repository/io/netty/netty-transport-native-epoll/4.1.96.Final/netty-transport-native-epoll-4.1.96.Final.jar:/Users/emmanuelmr/.m2/repository/io/netty/netty-transport-native-kqueue/4.1.96.Final/netty-transport-native-kqueue-4.1.96.Final.jar:/Users/emmanuelmr/.m2/repository/io/netty/netty-transport-native-unix-common/4.1.96.Final/netty-transport-native-unix-common-4.1.96.Final.jar:/Users/emmanuelmr/.m2/repository/io/netty/netty-transport/4.1.96.Final/netty-transport-4.1.96.Final.jar:/Users/emmanuelmr/.m2/repository/io/netty/netty-resolver/4.1.96.Final/netty-resolver-4.1.96.Final.jar:/Users/emmanuelmr/.m2/repository/io/opentelemetry/opentelemetry-api/1.28.0/opentelemetry-api-1.28.0.jar:/Users/emmanuelmr/.m2/repository/io/opentelemetry/opentelemetry-context/1.28.0/opentelemetry-context-1.28.0.jar:/Users/emmanuelmr/.m2/repository/io/opentelemetry/opentelemetry-exporter-logging/1.28.0/opentelemetry-exporter-logging-1.28.0.jar:/Users/emmanuelmr/.m2/repository/io/opentelemetry/opentelemetry-sdk-metrics/1.28.0/opentelemetry-sdk-metrics-1.28.0.jar:/Users/emmanuelmr/.m2/repository/io/opentelemetry/opentelemetry-extension-incubator/1.28.0-alpha/opentelemetry-extension-incubator-1.28.0-alpha.jar:/Users/emmanuelmr/.m2/repository/io/opentelemetry/opentelemetry-sdk-logs/1.28.0/opentelemetry-sdk-logs-1.28.0.jar:/Users/emmanuelmr/.m2/repository/io/opentelemetry/opentelemetry-sdk-common/1.28.0/opentelemetry-sdk-common-1.28.0.jar:/Users/emmanuelmr/.m2/repository/io/opentelemetry/opentelemetry-sdk-extension-autoconfigure-spi/1.28.0/opentelemetry-sdk-extension-autoconfigure-spi-1.28.0.jar:/Users/emmanuelmr/.m2/repository/io/opentelemetry/opentelemetry-sdk-extension-autoconfigure/1.28.0/opentelemetry-sdk-extension-autoconfigure-1.28.0.jar:/Users/emmanuelmr/.m2/repository/io/opentelemetry/opentelemetry-api-events/1.28.0-alpha/opentelemetry-api-events-1.28.0-alpha.jar:/Users/emmanuelmr/.m2/repository/io/opentelemetry/opentelemetry-sdk-trace/1.28.0/opentelemetry-sdk-trace-1.28.0.jar:/Users/emmanuelmr/.m2/repository/io/opentelemetry/opentelemetry-sdk/1.28.0/opentelemetry-sdk-1.28.0.jar:/Users/emmanuelmr/.m2/repository/io/opentelemetry/opentelemetry-semconv/1.28.0-alpha/opentelemetry-semconv-1.28.0-alpha.jar:/Users/emmanuelmr/.m2/repository/net/bytebuddy/byte-buddy/1.14.5/byte-buddy-1.14.5.jar:/Users/emmanuelmr/.m2/repository/org/asynchttpclient/async-http-client/2.12.3/async-http-client-2.12.3.jar:/Users/emmanuelmr/.m2/repository/org/asynchttpclient/async-http-client-netty-utils/2.12.3/async-http-client-netty-utils-2.12.3.jar:/Users/emmanuelmr/.m2/repository/io/netty/netty-codec-socks/4.1.60.Final/netty-codec-socks-4.1.60.Final.jar:/Users/emmanuelmr/.m2/repository/io/netty/netty-handler-proxy/4.1.60.Final/netty-handler-proxy-4.1.60.Final.jar:/Users/emmanuelmr/.m2/repository/io/netty/netty-transport-native-epoll/4.1.60.Final/netty-transport-native-epoll-4.1.60.Final-linux-x86_64.jar:/Users/emmanuelmr/.m2/repository/io/netty/netty-transport-native-kqueue/4.1.60.Final/netty-transport-native-kqueue-4.1.60.Final-osx-x86_64.jar:/Users/emmanuelmr/.m2/repository/org/reactivestreams/reactive-streams/1.0.3/reactive-streams-1.0.3.jar:/Users/emmanuelmr/.m2/repository/com/typesafe/netty/netty-reactive-streams/2.0.4/netty-reactive-streams-2.0.4.jar:/Users/emmanuelmr/.m2/repository/com/sun/activation/jakarta.activation/1.2.2/jakarta.activation-1.2.2.jar:/Users/emmanuelmr/.m2/repository/org/seleniumhq/selenium/selenium-http/4.13.0/selenium-http-4.13.0.jar:/Users/emmanuelmr/.m2/repository/dev/failsafe/failsafe/3.3.2/failsafe-3.3.2.jar:/Users/emmanuelmr/.m2/repository/org/seleniumhq/selenium/selenium-json/4.13.0/selenium-json-4.13.0.jar:/Users/emmanuelmr/.m2/repository/org/seleniumhq/selenium/selenium-manager/4.13.0/selenium-manager-4.13.0.jar:/Users/emmanuelmr/.m2/repository/org/seleniumhq/selenium/selenium-os/4.13.0/selenium-os-4.13.0.jar:/Users/emmanuelmr/.m2/repository/org/apache/commons/commons-exec/1.3/commons-exec-1.3.jar:/Users/emmanuelmr/.m2/repository/org/seleniumhq/selenium/selenium-support/4.13.0/selenium-support-4.13.0.jar:/Users/emmanuelmr/.m2/repository/com/google/code/gson/gson/2.10.1/gson-2.10.1.jar:/Users/emmanuelmr/.m2/repository/org/apache/commons/commons-lang3/3.13.0/commons-lang3-3.13.0.jar:/Users/emmanuelmr/.m2/repository/commons-io/commons-io/2.14.0/commons-io-2.14.0.jar:/Users/emmanuelmr/.m2/repository/org/slf4j/slf4j-api/2.0.9/slf4j-api-2.0.9.jar:/Users/emmanuelmr/.m2/repository/org/testng/testng/7.5.1/testng-7.5.1.jar:/Users/emmanuelmr/.m2/repository/com/google/code/findbugs/jsr305/3.0.1/jsr305-3.0.1.jar:/Users/emmanuelmr/.m2/repository/com/beust/jcommander/1.78/jcommander-1.78.jar:/Users/emmanuelmr/.m2/repository/org/webjars/jquery/3.5.1/jquery-3.5.1.jar:"/>
    <property name="java.vm.vendor" value="Homebrew"/>
    <property name="sun.arch.data.model" value="64"/>
    <property name="java.vendor.url" value="https://github.com/Homebrew/homebrew-core/issues"/>
    <property name="user.timezone" value="America/Mexico_City"/>
    <property name="os.name" value="Mac OS X"/>
    <property name="java.vm.specification.version" value="23"/>
    <property name="sun.java.launcher" value="SUN_STANDARD"/>
    <property name="user.country" value="419"/>
    <property name="sun.boot.library.path" value="/opt/homebrew/Cellar/openjdk/23.0.2/libexec/openjdk.jdk/Contents/Home/lib"/>
    <property name="sun.java.command" value="/Users/emmanuelmr/Desktop/kubitondemo/target/surefire/surefirebooter-20250612163432657_3.jar /Users/emmanuelmr/Desktop/kubitondemo/target/surefire 2025-06-12T16-34-32_611-jvmRun1 surefire-20250612163432657_1tmp surefire_0-20250612163432657_2tmp"/>
    <property name="jdk.debug" value="release"/>
    <property name="surefire.test.class.path" value="/Users/emmanuelmr/Desktop/kubitondemo/target/test-classes:/Users/emmanuelmr/Desktop/kubitondemo/target/classes:/Users/emmanuelmr/.m2/repository/io/appium/java-client/8.6.0/java-client-8.6.0.jar:/Users/emmanuelmr/.m2/repository/org/seleniumhq/selenium/selenium-api/4.13.0/selenium-api-4.13.0.jar:/Users/emmanuelmr/.m2/repository/org/seleniumhq/selenium/selenium-remote-driver/4.13.0/selenium-remote-driver-4.13.0.jar:/Users/emmanuelmr/.m2/repository/com/google/auto/service/auto-service-annotations/1.1.1/auto-service-annotations-1.1.1.jar:/Users/emmanuelmr/.m2/repository/com/google/guava/guava/32.1.2-jre/guava-32.1.2-jre.jar:/Users/emmanuelmr/.m2/repository/com/google/guava/failureaccess/1.0.1/failureaccess-1.0.1.jar:/Users/emmanuelmr/.m2/repository/com/google/guava/listenablefuture/9999.0-empty-to-avoid-conflict-with-guava/listenablefuture-9999.0-empty-to-avoid-conflict-with-guava.jar:/Users/emmanuelmr/.m2/repository/org/checkerframework/checker-qual/3.33.0/checker-qual-3.33.0.jar:/Users/emmanuelmr/.m2/repository/com/google/errorprone/error_prone_annotations/2.18.0/error_prone_annotations-2.18.0.jar:/Users/emmanuelmr/.m2/repository/com/google/j2objc/j2objc-annotations/2.8/j2objc-annotations-2.8.jar:/Users/emmanuelmr/.m2/repository/io/netty/netty-buffer/4.1.96.Final/netty-buffer-4.1.96.Final.jar:/Users/emmanuelmr/.m2/repository/io/netty/netty-codec-http/4.1.96.Final/netty-codec-http-4.1.96.Final.jar:/Users/emmanuelmr/.m2/repository/io/netty/netty-codec/4.1.96.Final/netty-codec-4.1.96.Final.jar:/Users/emmanuelmr/.m2/repository/io/netty/netty-handler/4.1.96.Final/netty-handler-4.1.96.Final.jar:/Users/emmanuelmr/.m2/repository/io/netty/netty-common/4.1.96.Final/netty-common-4.1.96.Final.jar:/Users/emmanuelmr/.m2/repository/io/netty/netty-transport-classes-epoll/4.1.96.Final/netty-transport-classes-epoll-4.1.96.Final.jar:/Users/emmanuelmr/.m2/repository/io/netty/netty-transport-classes-kqueue/4.1.96.Final/netty-transport-classes-kqueue-4.1.96.Final.jar:/Users/emmanuelmr/.m2/repository/io/netty/netty-transport-native-epoll/4.1.96.Final/netty-transport-native-epoll-4.1.96.Final.jar:/Users/emmanuelmr/.m2/repository/io/netty/netty-transport-native-kqueue/4.1.96.Final/netty-transport-native-kqueue-4.1.96.Final.jar:/Users/emmanuelmr/.m2/repository/io/netty/netty-transport-native-unix-common/4.1.96.Final/netty-transport-native-unix-common-4.1.96.Final.jar:/Users/emmanuelmr/.m2/repository/io/netty/netty-transport/4.1.96.Final/netty-transport-4.1.96.Final.jar:/Users/emmanuelmr/.m2/repository/io/netty/netty-resolver/4.1.96.Final/netty-resolver-4.1.96.Final.jar:/Users/emmanuelmr/.m2/repository/io/opentelemetry/opentelemetry-api/1.28.0/opentelemetry-api-1.28.0.jar:/Users/emmanuelmr/.m2/repository/io/opentelemetry/opentelemetry-context/1.28.0/opentelemetry-context-1.28.0.jar:/Users/emmanuelmr/.m2/repository/io/opentelemetry/opentelemetry-exporter-logging/1.28.0/opentelemetry-exporter-logging-1.28.0.jar:/Users/emmanuelmr/.m2/repository/io/opentelemetry/opentelemetry-sdk-metrics/1.28.0/opentelemetry-sdk-metrics-1.28.0.jar:/Users/emmanuelmr/.m2/repository/io/opentelemetry/opentelemetry-extension-incubator/1.28.0-alpha/opentelemetry-extension-incubator-1.28.0-alpha.jar:/Users/emmanuelmr/.m2/repository/io/opentelemetry/opentelemetry-sdk-logs/1.28.0/opentelemetry-sdk-logs-1.28.0.jar:/Users/emmanuelmr/.m2/repository/io/opentelemetry/opentelemetry-sdk-common/1.28.0/opentelemetry-sdk-common-1.28.0.jar:/Users/emmanuelmr/.m2/repository/io/opentelemetry/opentelemetry-sdk-extension-autoconfigure-spi/1.28.0/opentelemetry-sdk-extension-autoconfigure-spi-1.28.0.jar:/Users/emmanuelmr/.m2/repository/io/opentelemetry/opentelemetry-sdk-extension-autoconfigure/1.28.0/opentelemetry-sdk-extension-autoconfigure-1.28.0.jar:/Users/emmanuelmr/.m2/repository/io/opentelemetry/opentelemetry-api-events/1.28.0-alpha/opentelemetry-api-events-1.28.0-alpha.jar:/Users/emmanuelmr/.m2/repository/io/opentelemetry/opentelemetry-sdk-trace/1.28.0/opentelemetry-sdk-trace-1.28.0.jar:/Users/emmanuelmr/.m2/repository/io/opentelemetry/opentelemetry-sdk/1.28.0/opentelemetry-sdk-1.28.0.jar:/Users/emmanuelmr/.m2/repository/io/opentelemetry/opentelemetry-semconv/1.28.0-alpha/opentelemetry-semconv-1.28.0-alpha.jar:/Users/emmanuelmr/.m2/repository/net/bytebuddy/byte-buddy/1.14.5/byte-buddy-1.14.5.jar:/Users/emmanuelmr/.m2/repository/org/asynchttpclient/async-http-client/2.12.3/async-http-client-2.12.3.jar:/Users/emmanuelmr/.m2/repository/org/asynchttpclient/async-http-client-netty-utils/2.12.3/async-http-client-netty-utils-2.12.3.jar:/Users/emmanuelmr/.m2/repository/io/netty/netty-codec-socks/4.1.60.Final/netty-codec-socks-4.1.60.Final.jar:/Users/emmanuelmr/.m2/repository/io/netty/netty-handler-proxy/4.1.60.Final/netty-handler-proxy-4.1.60.Final.jar:/Users/emmanuelmr/.m2/repository/io/netty/netty-transport-native-epoll/4.1.60.Final/netty-transport-native-epoll-4.1.60.Final-linux-x86_64.jar:/Users/emmanuelmr/.m2/repository/io/netty/netty-transport-native-kqueue/4.1.60.Final/netty-transport-native-kqueue-4.1.60.Final-osx-x86_64.jar:/Users/emmanuelmr/.m2/repository/org/reactivestreams/reactive-streams/1.0.3/reactive-streams-1.0.3.jar:/Users/emmanuelmr/.m2/repository/com/typesafe/netty/netty-reactive-streams/2.0.4/netty-reactive-streams-2.0.4.jar:/Users/emmanuelmr/.m2/repository/com/sun/activation/jakarta.activation/1.2.2/jakarta.activation-1.2.2.jar:/Users/emmanuelmr/.m2/repository/org/seleniumhq/selenium/selenium-http/4.13.0/selenium-http-4.13.0.jar:/Users/emmanuelmr/.m2/repository/dev/failsafe/failsafe/3.3.2/failsafe-3.3.2.jar:/Users/emmanuelmr/.m2/repository/org/seleniumhq/selenium/selenium-json/4.13.0/selenium-json-4.13.0.jar:/Users/emmanuelmr/.m2/repository/org/seleniumhq/selenium/selenium-manager/4.13.0/selenium-manager-4.13.0.jar:/Users/emmanuelmr/.m2/repository/org/seleniumhq/selenium/selenium-os/4.13.0/selenium-os-4.13.0.jar:/Users/emmanuelmr/.m2/repository/org/apache/commons/commons-exec/1.3/commons-exec-1.3.jar:/Users/emmanuelmr/.m2/repository/org/seleniumhq/selenium/selenium-support/4.13.0/selenium-support-4.13.0.jar:/Users/emmanuelmr/.m2/repository/com/google/code/gson/gson/2.10.1/gson-2.10.1.jar:/Users/emmanuelmr/.m2/repository/org/apache/commons/commons-lang3/3.13.0/commons-lang3-3.13.0.jar:/Users/emmanuelmr/.m2/repository/commons-io/commons-io/2.14.0/commons-io-2.14.0.jar:/Users/emmanuelmr/.m2/repository/org/slf4j/slf4j-api/2.0.9/slf4j-api-2.0.9.jar:/Users/emmanuelmr/.m2/repository/org/testng/testng/7.5.1/testng-7.5.1.jar:/Users/emmanuelmr/.m2/repository/com/google/code/findbugs/jsr305/3.0.1/jsr305-3.0.1.jar:/Users/emmanuelmr/.m2/repository/com/beust/jcommander/1.78/jcommander-1.78.jar:/Users/emmanuelmr/.m2/repository/org/webjars/jquery/3.5.1/jquery-3.5.1.jar:"/>
    <property name="sun.cpu.endian" value="little"/>
    <property name="user.home" value="/Users/emmanuelmr"/>
    <property name="user.language" value="es"/>
    <property name="java.specification.vendor" value="Oracle Corporation"/>
    <property name="java.version.date" value="2025-01-21"/>
    <property name="java.home" value="/opt/homebrew/Cellar/openjdk/23.0.2/libexec/openjdk.jdk/Contents/Home"/>
    <property name="file.separator" value="/"/>
    <property name="basedir" value="/Users/emmanuelmr/Desktop/kubitondemo"/>
    <property name="java.vm.compressedOopsMode" value="Zero based"/>
    <property name="line.separator" value="&#10;"/>
    <property name="java.vm.specification.vendor" value="Oracle Corporation"/>
    <property name="java.specification.name" value="Java Platform API Specification"/>
    <property name="apple.awt.application.name" value="ForkedBooter"/>
    <property name="surefire.real.class.path" value="/Users/emmanuelmr/Desktop/kubitondemo/target/surefire/surefirebooter-20250612163432657_3.jar"/>
    <property name="sun.management.compiler" value="HotSpot 64-Bit Tiered Compilers"/>
    <property name="java.runtime.version" value="23.0.2"/>
    <property name="user.name" value="emmanuelmr"/>
    <property name="stdout.encoding" value="UTF-8"/>
    <property name="path.separator" value=":"/>
    <property name="os.version" value="15.5"/>
    <property name="java.runtime.name" value="OpenJDK Runtime Environment"/>
    <property name="file.encoding" value="UTF-8"/>
    <property name="java.vm.name" value="OpenJDK 64-Bit Server VM"/>
    <property name="java.vendor.version" value="Homebrew"/>
    <property name="localRepository" value="/Users/emmanuelmr/.m2/repository"/>
    <property name="java.vendor.url.bug" value="https://github.com/Homebrew/homebrew-core/issues"/>
    <property name="java.io.tmpdir" value="/var/folders/xx/h6ckc68n1f9csbppdz1t3wzm0000gn/T/"/>
    <property name="java.version" value="23.0.2"/>
    <property name="user.dir" value="/Users/emmanuelmr/Desktop/kubitondemo"/>
    <property name="os.arch" value="aarch64"/>
    <property name="java.vm.specification.name" value="Java Virtual Machine Specification"/>
    <property name="native.encoding" value="UTF-8"/>
    <property name="java.library.path" value="/Users/emmanuelmr/Library/Java/Extensions:/Library/Java/Extensions:/Network/Library/Java/Extensions:/System/Library/Java/Extensions:/usr/lib/java:."/>
    <property name="java.vm.info" value="mixed mode, sharing"/>
    <property name="stderr.encoding" value="UTF-8"/>
    <property name="java.vendor" value="Homebrew"/>
    <property name="java.vm.version" value="23.0.2"/>
    <property name="sun.io.unicode.encoding" value="UnicodeBig"/>
    <property name="java.class.version" value="67.0"/>
  </properties>
  <testcase name="init" classname="MainPageTests" time="8.732">
    <failure message="Could not start a new session. Response code 400. Message: You have reached 1/1 parallel tests. Try again soon or contact Support to upgrade. &#10;Host info: host: &apos;MacBook-Pro.local&apos;, ip: &apos;fe80:0:0:0:84a:392:f7f3:7d6d%en0&apos;&#10;Build info: version: &apos;4.13.0&apos;, revision: &apos;ba948ece5b*&apos;&#10;System info: os.name: &apos;Mac OS X&apos;, os.arch: &apos;aarch64&apos;, os.version: &apos;15.5&apos;, java.version: &apos;23.0.2&apos;&#10;Driver info: io.appium.java_client.android.AndroidDriver&#10;Command: [null, newSession {capabilities=[{appium:accessKey=b4202a39-ac70-4a72-98c9-f84b0e338516, appium:app=kobiton-store:654582, appium:autoWebview=true, appium:deviceName=Pixel *, appium:platformVersion=15, appium:username=is.emmanuel.deloitte, browserName=chrome, kobiton:captureScreenshots=true, kobiton:deviceGroup=KOBITON, kobiton:deviceOrientation=portrait, kobiton:retainDurationInSeconds=0, kobiton:sessionDescription=, kobiton:sessionName=Automation test session, kobiton:useConfiguration=, platformName=ANDROID}], desiredCapabilities=Capabilities {appium:accessKey: b4202a39-ac70-4a72-98c9-f84..., appium:app: kobiton-store:654582, appium:autoWebview: true, appium:deviceName: Pixel *, appium:platformVersion: 15, appium:username: is.emmanuel.deloitte, browserName: chrome, kobiton:captureScreenshots: true, kobiton:deviceGroup: KOBITON, kobiton:deviceOrientation: portrait, kobiton:retainDurationInSeconds: 0, kobiton:sessionDescription: , kobiton:sessionName: Automation test session, kobiton:useConfiguration: , platformName: ANDROID}}]&#10;Capabilities {appium:accessKey: b4202a39-ac70-4a72-98c9-f84..., appium:app: kobiton-store:654582, appium:autoWebview: true, appium:deviceName: Pixel *, appium:platformVersion: 15, appium:username: is.emmanuel.deloitte, browserName: chrome, kobiton:captureScreenshots: true, kobiton:deviceGroup: KOBITON, kobiton:deviceOrientation: portrait, kobiton:retainDurationInSeconds: 0, kobiton:sessionDescription: , kobiton:sessionName: Automation test session, kobiton:useConfiguration: , platformName: ANDROID}" type="org.openqa.selenium.SessionNotCreatedException"><![CDATA[org.openqa.selenium.SessionNotCreatedException: 
Could not start a new session. Response code 400. Message: You have reached 1/1 parallel tests. Try again soon or contact Support to upgrade. 
Host info: host: 'MacBook-Pro.local', ip: 'fe80:0:0:0:84a:392:f7f3:7d6d%en0'
Build info: version: '4.13.0', revision: 'ba948ece5b*'
System info: os.name: 'Mac OS X', os.arch: 'aarch64', os.version: '15.5', java.version: '23.0.2'
Driver info: io.appium.java_client.android.AndroidDriver
Command: [null, newSession {capabilities=[{appium:accessKey=b4202a39-ac70-4a72-98c9-f84b0e338516, appium:app=kobiton-store:654582, appium:autoWebview=true, appium:deviceName=Pixel *, appium:platformVersion=15, appium:username=is.emmanuel.deloitte, browserName=chrome, kobiton:captureScreenshots=true, kobiton:deviceGroup=KOBITON, kobiton:deviceOrientation=portrait, kobiton:retainDurationInSeconds=0, kobiton:sessionDescription=, kobiton:sessionName=Automation test session, kobiton:useConfiguration=, platformName=ANDROID}], desiredCapabilities=Capabilities {appium:accessKey: b4202a39-ac70-4a72-98c9-f84..., appium:app: kobiton-store:654582, appium:autoWebview: true, appium:deviceName: Pixel *, appium:platformVersion: 15, appium:username: is.emmanuel.deloitte, browserName: chrome, kobiton:captureScreenshots: true, kobiton:deviceGroup: KOBITON, kobiton:deviceOrientation: portrait, kobiton:retainDurationInSeconds: 0, kobiton:sessionDescription: , kobiton:sessionName: Automation test session, kobiton:useConfiguration: , platformName: ANDROID}}]
Capabilities {appium:accessKey: b4202a39-ac70-4a72-98c9-f84..., appium:app: kobiton-store:654582, appium:autoWebview: true, appium:deviceName: Pixel *, appium:platformVersion: 15, appium:username: is.emmanuel.deloitte, browserName: chrome, kobiton:captureScreenshots: true, kobiton:deviceGroup: KOBITON, kobiton:deviceOrientation: portrait, kobiton:retainDurationInSeconds: 0, kobiton:sessionDescription: , kobiton:sessionName: Automation test session, kobiton:useConfiguration: , platformName: ANDROID}
	at org.openqa.selenium.remote.ProtocolHandshake.createSession(ProtocolHandshake.java:140)
	at java.base/jdk.internal.reflect.DirectMethodHandleAccessor.invoke(DirectMethodHandleAccessor.java:103)
	at java.base/java.lang.reflect.Method.invoke(Method.java:580)
	at io.appium.java_client.remote.AppiumProtocolHandshake.createSession(AppiumProtocolHandshake.java:133)
	at io.appium.java_client.remote.AppiumProtocolHandshake.createSession(AppiumProtocolHandshake.java:102)
	at io.appium.java_client.remote.AppiumCommandExecutor.createSession(AppiumCommandExecutor.java:182)
	at io.appium.java_client.remote.AppiumCommandExecutor.execute(AppiumCommandExecutor.java:250)
	at org.openqa.selenium.remote.RemoteWebDriver.execute(RemoteWebDriver.java:602)
	at io.appium.java_client.AppiumDriver.startSession(AppiumDriver.java:274)
	at org.openqa.selenium.remote.RemoteWebDriver.<init>(RemoteWebDriver.java:163)
	at io.appium.java_client.AppiumDriver.<init>(AppiumDriver.java:89)
	at io.appium.java_client.AppiumDriver.<init>(AppiumDriver.java:101)
	at io.appium.java_client.android.AndroidDriver.<init>(AndroidDriver.java:113)
	at base.BaseTest.init(BaseTest.java:21)
	at java.base/jdk.internal.reflect.DirectMethodHandleAccessor.invoke(DirectMethodHandleAccessor.java:103)
	at java.base/java.lang.reflect.Method.invoke(Method.java:580)
	at org.testng.internal.invokers.MethodInvocationHelper.invokeMethod(MethodInvocationHelper.java:136)
	at org.testng.internal.invokers.MethodInvocationHelper.invokeMethodConsideringTimeout(MethodInvocationHelper.java:65)
	at org.testng.internal.invokers.ConfigInvoker.invokeConfigurationMethod(ConfigInvoker.java:381)
	at org.testng.internal.invokers.ConfigInvoker.invokeConfigurations(ConfigInvoker.java:319)
	at org.testng.internal.invokers.TestMethodWorker.invokeBeforeClassMethods(TestMethodWorker.java:178)
	at org.testng.internal.invokers.TestMethodWorker.run(TestMethodWorker.java:122)
	at java.base/java.util.ArrayList.forEach(ArrayList.java:1597)
	at org.testng.TestRunner.privateRun(TestRunner.java:808)
	at org.testng.TestRunner.run(TestRunner.java:603)
	at org.testng.SuiteRunner.runTest(SuiteRunner.java:429)
	at org.testng.SuiteRunner.runSequentially(SuiteRunner.java:423)
	at org.testng.SuiteRunner.privateRun(SuiteRunner.java:383)
	at org.testng.SuiteRunner.run(SuiteRunner.java:326)
	at org.testng.SuiteRunnerWorker.runSuite(SuiteRunnerWorker.java:52)
	at org.testng.SuiteRunnerWorker.run(SuiteRunnerWorker.java:95)
	at org.testng.TestNG.runSuitesSequentially(TestNG.java:1249)
	at org.testng.TestNG.runSuitesLocally(TestNG.java:1169)
	at org.testng.TestNG.runSuites(TestNG.java:1092)
	at org.testng.TestNG.run(TestNG.java:1060)
	at org.apache.maven.surefire.testng.TestNGExecutor.run(TestNGExecutor.java:155)
	at org.apache.maven.surefire.testng.TestNGDirectoryTestSuite.executeMulti(TestNGDirectoryTestSuite.java:169)
	at org.apache.maven.surefire.testng.TestNGDirectoryTestSuite.execute(TestNGDirectoryTestSuite.java:88)
	at org.apache.maven.surefire.testng.TestNGProvider.invoke(TestNGProvider.java:137)
	at org.apache.maven.surefire.booter.ForkedBooter.runSuitesInProcess(ForkedBooter.java:385)
	at org.apache.maven.surefire.booter.ForkedBooter.execute(ForkedBooter.java:162)
	at org.apache.maven.surefire.booter.ForkedBooter.run(ForkedBooter.java:507)
	at org.apache.maven.surefire.booter.ForkedBooter.main(ForkedBooter.java:495)
]]></failure>
    <system-err><![CDATA[SLF4J: No SLF4J providers were found.
SLF4J: Defaulting to no-operation (NOP) logger implementation
SLF4J: See https://www.slf4j.org/codes.html#noProviders for further details.
]]></system-err>
  </testcase>
  <testcase name="assertPreferenceOptionIsDisplayed" classname="MainPageTests" time="0.0">
    <skipped message="Could not start a new session. Response code 400. Message: You have reached 1/1 parallel tests. Try again soon or contact Support to upgrade. &#10;Host info: host: &apos;MacBook-Pro.local&apos;, ip: &apos;fe80:0:0:0:84a:392:f7f3:7d6d%en0&apos;&#10;Build info: version: &apos;4.13.0&apos;, revision: &apos;ba948ece5b*&apos;&#10;System info: os.name: &apos;Mac OS X&apos;, os.arch: &apos;aarch64&apos;, os.version: &apos;15.5&apos;, java.version: &apos;23.0.2&apos;&#10;Driver info: io.appium.java_client.android.AndroidDriver&#10;Command: [null, newSession {capabilities=[{appium:accessKey=b4202a39-ac70-4a72-98c9-f84b0e338516, appium:app=kobiton-store:654582, appium:autoWebview=true, appium:deviceName=Pixel *, appium:platformVersion=15, appium:username=is.emmanuel.deloitte, browserName=chrome, kobiton:captureScreenshots=true, kobiton:deviceGroup=KOBITON, kobiton:deviceOrientation=portrait, kobiton:retainDurationInSeconds=0, kobiton:sessionDescription=, kobiton:sessionName=Automation test session, kobiton:useConfiguration=, platformName=ANDROID}], desiredCapabilities=Capabilities {appium:accessKey: b4202a39-ac70-4a72-98c9-f84..., appium:app: kobiton-store:654582, appium:autoWebview: true, appium:deviceName: Pixel *, appium:platformVersion: 15, appium:username: is.emmanuel.deloitte, browserName: chrome, kobiton:captureScreenshots: true, kobiton:deviceGroup: KOBITON, kobiton:deviceOrientation: portrait, kobiton:retainDurationInSeconds: 0, kobiton:sessionDescription: , kobiton:sessionName: Automation test session, kobiton:useConfiguration: , platformName: ANDROID}}]&#10;Capabilities {appium:accessKey: b4202a39-ac70-4a72-98c9-f84..., appium:app: kobiton-store:654582, appium:autoWebview: true, appium:deviceName: Pixel *, appium:platformVersion: 15, appium:username: is.emmanuel.deloitte, browserName: chrome, kobiton:captureScreenshots: true, kobiton:deviceGroup: KOBITON, kobiton:deviceOrientation: portrait, kobiton:retainDurationInSeconds: 0, kobiton:sessionDescription: , kobiton:sessionName: Automation test session, kobiton:useConfiguration: , platformName: ANDROID}"/>
  </testcase>
  <testcase name="assertThatClickingPreferenceOptionOpensPreferencePage" classname="MainPageTests" time="0.0">
    <skipped message="Could not start a new session. Response code 400. Message: You have reached 1/1 parallel tests. Try again soon or contact Support to upgrade. &#10;Host info: host: &apos;MacBook-Pro.local&apos;, ip: &apos;fe80:0:0:0:84a:392:f7f3:7d6d%en0&apos;&#10;Build info: version: &apos;4.13.0&apos;, revision: &apos;ba948ece5b*&apos;&#10;System info: os.name: &apos;Mac OS X&apos;, os.arch: &apos;aarch64&apos;, os.version: &apos;15.5&apos;, java.version: &apos;23.0.2&apos;&#10;Driver info: io.appium.java_client.android.AndroidDriver&#10;Command: [null, newSession {capabilities=[{appium:accessKey=b4202a39-ac70-4a72-98c9-f84b0e338516, appium:app=kobiton-store:654582, appium:autoWebview=true, appium:deviceName=Pixel *, appium:platformVersion=15, appium:username=is.emmanuel.deloitte, browserName=chrome, kobiton:captureScreenshots=true, kobiton:deviceGroup=KOBITON, kobiton:deviceOrientation=portrait, kobiton:retainDurationInSeconds=0, kobiton:sessionDescription=, kobiton:sessionName=Automation test session, kobiton:useConfiguration=, platformName=ANDROID}], desiredCapabilities=Capabilities {appium:accessKey: b4202a39-ac70-4a72-98c9-f84..., appium:app: kobiton-store:654582, appium:autoWebview: true, appium:deviceName: Pixel *, appium:platformVersion: 15, appium:username: is.emmanuel.deloitte, browserName: chrome, kobiton:captureScreenshots: true, kobiton:deviceGroup: KOBITON, kobiton:deviceOrientation: portrait, kobiton:retainDurationInSeconds: 0, kobiton:sessionDescription: , kobiton:sessionName: Automation test session, kobiton:useConfiguration: , platformName: ANDROID}}]&#10;Capabilities {appium:accessKey: b4202a39-ac70-4a72-98c9-f84..., appium:app: kobiton-store:654582, appium:autoWebview: true, appium:deviceName: Pixel *, appium:platformVersion: 15, appium:username: is.emmanuel.deloitte, browserName: chrome, kobiton:captureScreenshots: true, kobiton:deviceGroup: KOBITON, kobiton:deviceOrientation: portrait, kobiton:retainDurationInSeconds: 0, kobiton:sessionDescription: , kobiton:sessionName: Automation test session, kobiton:useConfiguration: , platformName: ANDROID}"/>
  </testcase>
  <testcase name="assertThatOnPreferenceScreenPreferenceDependenciesOptionIsDisplayed" classname="MainPageTests" time="0.0">
    <skipped message="Could not start a new session. Response code 400. Message: You have reached 1/1 parallel tests. Try again soon or contact Support to upgrade. &#10;Host info: host: &apos;MacBook-Pro.local&apos;, ip: &apos;fe80:0:0:0:84a:392:f7f3:7d6d%en0&apos;&#10;Build info: version: &apos;4.13.0&apos;, revision: &apos;ba948ece5b*&apos;&#10;System info: os.name: &apos;Mac OS X&apos;, os.arch: &apos;aarch64&apos;, os.version: &apos;15.5&apos;, java.version: &apos;23.0.2&apos;&#10;Driver info: io.appium.java_client.android.AndroidDriver&#10;Command: [null, newSession {capabilities=[{appium:accessKey=b4202a39-ac70-4a72-98c9-f84b0e338516, appium:app=kobiton-store:654582, appium:autoWebview=true, appium:deviceName=Pixel *, appium:platformVersion=15, appium:username=is.emmanuel.deloitte, browserName=chrome, kobiton:captureScreenshots=true, kobiton:deviceGroup=KOBITON, kobiton:deviceOrientation=portrait, kobiton:retainDurationInSeconds=0, kobiton:sessionDescription=, kobiton:sessionName=Automation test session, kobiton:useConfiguration=, platformName=ANDROID}], desiredCapabilities=Capabilities {appium:accessKey: b4202a39-ac70-4a72-98c9-f84..., appium:app: kobiton-store:654582, appium:autoWebview: true, appium:deviceName: Pixel *, appium:platformVersion: 15, appium:username: is.emmanuel.deloitte, browserName: chrome, kobiton:captureScreenshots: true, kobiton:deviceGroup: KOBITON, kobiton:deviceOrientation: portrait, kobiton:retainDurationInSeconds: 0, kobiton:sessionDescription: , kobiton:sessionName: Automation test session, kobiton:useConfiguration: , platformName: ANDROID}}]&#10;Capabilities {appium:accessKey: b4202a39-ac70-4a72-98c9-f84..., appium:app: kobiton-store:654582, appium:autoWebview: true, appium:deviceName: Pixel *, appium:platformVersion: 15, appium:username: is.emmanuel.deloitte, browserName: chrome, kobiton:captureScreenshots: true, kobiton:deviceGroup: KOBITON, kobiton:deviceOrientation: portrait, kobiton:retainDurationInSeconds: 0, kobiton:sessionDescription: , kobiton:sessionName: Automation test session, kobiton:useConfiguration: , platformName: ANDROID}"/>
  </testcase>
  <testcase name="tearDown" classname="MainPageTests" time="0.0">
    <skipped/>
  </testcase>
</testsuite>